{"/Users/mohamedramadan/Repos/vooteam/next-navigation/packages/next-navigation/src/lib/factory.tsx": {"path":"/Users/mohamedramadan/Repos/vooteam/next-navigation/packages/next-navigation/src/lib/factory.tsx","all":false,"statementMap":{"0":{"start":{"line":1,"column":0},"end":{"line":1,"column":13}},"11":{"start":{"line":12,"column":0},"end":{"line":12,"column":55}},"12":{"start":{"line":13,"column":0},"end":{"line":13,"column":29}},"13":{"start":{"line":14,"column":0},"end":{"line":14,"column":3}},"14":{"start":{"line":15,"column":0},"end":{"line":15,"column":44}},"15":{"start":{"line":16,"column":0},"end":{"line":16,"column":80}},"16":{"start":{"line":17,"column":0},"end":{"line":17,"column":8}},"17":{"start":{"line":18,"column":0},"end":{"line":18,"column":80}},"18":{"start":{"line":19,"column":0},"end":{"line":19,"column":39}},"19":{"start":{"line":20,"column":0},"end":{"line":20,"column":4}},"21":{"start":{"line":22,"column":0},"end":{"line":22,"column":10}},"22":{"start":{"line":23,"column":0},"end":{"line":23,"column":71}},"23":{"start":{"line":24,"column":0},"end":{"line":24,"column":28}},"24":{"start":{"line":25,"column":0},"end":{"line":25,"column":4}},"25":{"start":{"line":26,"column":0},"end":{"line":26,"column":1}}},"s":{"0":1,"11":1,"12":10,"13":10,"14":10,"15":3,"16":3,"17":3,"18":3,"19":3,"21":10,"22":10,"23":10,"24":10,"25":10},"branchMap":{"0":{"type":"branch","line":12,"loc":{"start":{"line":12,"column":7},"end":{"line":26,"column":1}},"locations":[{"start":{"line":12,"column":7},"end":{"line":26,"column":1}}]},"1":{"type":"branch","line":15,"loc":{"start":{"line":15,"column":24},"end":{"line":20,"column":4}},"locations":[{"start":{"line":15,"column":24},"end":{"line":20,"column":4}}]},"2":{"type":"branch","line":23,"loc":{"start":{"line":23,"column":19},"end":{"line":23,"column":71}},"locations":[{"start":{"line":23,"column":19},"end":{"line":23,"column":71}}]}},"b":{"0":[10],"1":[3],"2":[6]},"fnMap":{"0":{"name":"createNextNavigation","decl":{"start":{"line":12,"column":7},"end":{"line":26,"column":1}},"loc":{"start":{"line":12,"column":7},"end":{"line":26,"column":1}},"line":12},"1":{"name":"TypedNextLink","decl":{"start":{"line":15,"column":24},"end":{"line":20,"column":4}},"loc":{"start":{"line":15,"column":24},"end":{"line":20,"column":4}},"line":15},"2":{"name":"useNavigation","decl":{"start":{"line":23,"column":19},"end":{"line":23,"column":71}},"loc":{"start":{"line":23,"column":19},"end":{"line":23,"column":71}},"line":23}},"f":{"0":10,"1":3,"2":6}}
,"/Users/mohamedramadan/Repos/vooteam/next-navigation/packages/next-navigation/src/lib/next-link.tsx": {"path":"/Users/mohamedramadan/Repos/vooteam/next-navigation/packages/next-navigation/src/lib/next-link.tsx","all":false,"statementMap":{"0":{"start":{"line":1,"column":0},"end":{"line":1,"column":13}},"11":{"start":{"line":12,"column":0},"end":{"line":12,"column":62}},"12":{"start":{"line":13,"column":0},"end":{"line":13,"column":62}},"13":{"start":{"line":14,"column":0},"end":{"line":14,"column":3}},"14":{"start":{"line":15,"column":0},"end":{"line":15,"column":43}},"16":{"start":{"line":17,"column":0},"end":{"line":17,"column":37}},"17":{"start":{"line":18,"column":0},"end":{"line":18,"column":15}},"18":{"start":{"line":19,"column":0},"end":{"line":19,"column":16}},"19":{"start":{"line":20,"column":0},"end":{"line":20,"column":12}},"20":{"start":{"line":21,"column":0},"end":{"line":21,"column":14}},"21":{"start":{"line":22,"column":0},"end":{"line":22,"column":19}},"22":{"start":{"line":23,"column":0},"end":{"line":23,"column":19}},"23":{"start":{"line":24,"column":0},"end":{"line":24,"column":14}},"24":{"start":{"line":25,"column":0},"end":{"line":25,"column":13}},"25":{"start":{"line":26,"column":0},"end":{"line":26,"column":14}},"26":{"start":{"line":27,"column":0},"end":{"line":27,"column":15}},"27":{"start":{"line":28,"column":0},"end":{"line":28,"column":15}},"28":{"start":{"line":29,"column":0},"end":{"line":29,"column":13}},"29":{"start":{"line":30,"column":0},"end":{"line":30,"column":21}},"30":{"start":{"line":31,"column":0},"end":{"line":31,"column":12}},"31":{"start":{"line":32,"column":0},"end":{"line":32,"column":13}},"32":{"start":{"line":33,"column":0},"end":{"line":33,"column":5}},"34":{"start":{"line":35,"column":0},"end":{"line":35,"column":50}},"35":{"start":{"line":36,"column":0},"end":{"line":36,"column":48}},"37":{"start":{"line":38,"column":0},"end":{"line":38,"column":50}},"38":{"start":{"line":39,"column":0},"end":{"line":39,"column":37}},"39":{"start":{"line":40,"column":0},"end":{"line":40,"column":29}},"40":{"start":{"line":41,"column":0},"end":{"line":41,"column":12}},"41":{"start":{"line":42,"column":0},"end":{"line":42,"column":31}},"42":{"start":{"line":43,"column":0},"end":{"line":43,"column":5}},"43":{"start":{"line":44,"column":0},"end":{"line":44,"column":5}},"45":{"start":{"line":46,"column":0},"end":{"line":46,"column":56}},"47":{"start":{"line":48,"column":0},"end":{"line":48,"column":45}},"48":{"start":{"line":49,"column":0},"end":{"line":49,"column":1}}},"s":{"0":1,"11":1,"12":9,"13":9,"14":9,"16":9,"17":9,"18":9,"19":9,"20":9,"21":9,"22":9,"23":9,"24":9,"25":9,"26":9,"27":9,"28":9,"29":9,"30":9,"31":9,"32":9,"34":9,"35":9,"37":9,"38":19,"39":12,"40":19,"41":7,"42":7,"43":9,"45":9,"47":9,"48":9},"branchMap":{"0":{"type":"branch","line":12,"loc":{"start":{"line":12,"column":7},"end":{"line":49,"column":1}},"locations":[{"start":{"line":12,"column":7},"end":{"line":49,"column":1}}]},"1":{"type":"branch","line":38,"loc":{"start":{"line":38,"column":31},"end":{"line":44,"column":3}},"locations":[{"start":{"line":38,"column":31},"end":{"line":44,"column":3}}]},"2":{"type":"branch","line":39,"loc":{"start":{"line":39,"column":36},"end":{"line":41,"column":11}},"locations":[{"start":{"line":39,"column":36},"end":{"line":41,"column":11}}]},"3":{"type":"branch","line":41,"loc":{"start":{"line":41,"column":4},"end":{"line":43,"column":5}},"locations":[{"start":{"line":41,"column":4},"end":{"line":43,"column":5}}]}},"b":{"0":[9],"1":[19],"2":[12],"3":[7]},"fnMap":{"0":{"name":"NextLink","decl":{"start":{"line":12,"column":7},"end":{"line":49,"column":1}},"loc":{"start":{"line":12,"column":7},"end":{"line":49,"column":1}},"line":12}},"f":{"0":9}}
,"/Users/mohamedramadan/Repos/vooteam/next-navigation/packages/next-navigation/src/lib/next-navigation.ts": {"path":"/Users/mohamedramadan/Repos/vooteam/next-navigation/packages/next-navigation/src/lib/next-navigation.ts","all":false,"statementMap":{"0":{"start":{"line":1,"column":0},"end":{"line":1,"column":13}},"46":{"start":{"line":47,"column":0},"end":{"line":47,"column":47}},"47":{"start":{"line":48,"column":0},"end":{"line":48,"column":24}},"48":{"start":{"line":49,"column":0},"end":{"line":49,"column":25}},"49":{"start":{"line":50,"column":0},"end":{"line":50,"column":34}},"50":{"start":{"line":51,"column":0},"end":{"line":51,"column":11}},"51":{"start":{"line":52,"column":0},"end":{"line":52,"column":65}},"52":{"start":{"line":53,"column":0},"end":{"line":53,"column":24}},"53":{"start":{"line":54,"column":0},"end":{"line":54,"column":3}},"55":{"start":{"line":56,"column":0},"end":{"line":56,"column":29}},"57":{"start":{"line":58,"column":0},"end":{"line":58,"column":34}},"58":{"start":{"line":59,"column":0},"end":{"line":59,"column":17}},"59":{"start":{"line":60,"column":0},"end":{"line":60,"column":3}},"61":{"start":{"line":62,"column":0},"end":{"line":62,"column":24}},"63":{"start":{"line":64,"column":0},"end":{"line":64,"column":49}},"64":{"start":{"line":65,"column":0},"end":{"line":65,"column":54}},"65":{"start":{"line":66,"column":0},"end":{"line":66,"column":53}},"66":{"start":{"line":67,"column":0},"end":{"line":67,"column":7}},"67":{"start":{"line":68,"column":0},"end":{"line":68,"column":3}},"69":{"start":{"line":70,"column":0},"end":{"line":70,"column":14}},"70":{"start":{"line":71,"column":0},"end":{"line":71,"column":1}},"72":{"start":{"line":73,"column":0},"end":{"line":73,"column":57}},"73":{"start":{"line":74,"column":0},"end":{"line":74,"column":30}},"74":{"start":{"line":75,"column":0},"end":{"line":75,"column":27}},"75":{"start":{"line":76,"column":0},"end":{"line":76,"column":29}},"76":{"start":{"line":77,"column":0},"end":{"line":77,"column":55}},"77":{"start":{"line":78,"column":0},"end":{"line":78,"column":33}},"79":{"start":{"line":80,"column":0},"end":{"line":80,"column":56}},"81":{"start":{"line":82,"column":0},"end":{"line":82,"column":27}},"82":{"start":{"line":83,"column":0},"end":{"line":83,"column":30}},"83":{"start":{"line":84,"column":0},"end":{"line":84,"column":23}},"84":{"start":{"line":85,"column":0},"end":{"line":85,"column":58}},"85":{"start":{"line":86,"column":0},"end":{"line":86,"column":25}},"86":{"start":{"line":87,"column":0},"end":{"line":87,"column":45}},"87":{"start":{"line":88,"column":0},"end":{"line":88,"column":29}},"88":{"start":{"line":89,"column":0},"end":{"line":89,"column":27}},"89":{"start":{"line":90,"column":0},"end":{"line":90,"column":9}},"91":{"start":{"line":92,"column":0},"end":{"line":92,"column":31}},"92":{"start":{"line":93,"column":0},"end":{"line":93,"column":59}},"93":{"start":{"line":94,"column":0},"end":{"line":94,"column":70}},"94":{"start":{"line":95,"column":0},"end":{"line":95,"column":78}},"95":{"start":{"line":96,"column":0},"end":{"line":96,"column":42}},"97":{"start":{"line":98,"column":0},"end":{"line":98,"column":28}},"98":{"start":{"line":99,"column":0},"end":{"line":99,"column":33}},"99":{"start":{"line":100,"column":0},"end":{"line":100,"column":34}},"100":{"start":{"line":101,"column":0},"end":{"line":101,"column":13}},"101":{"start":{"line":102,"column":0},"end":{"line":102,"column":22}},"102":{"start":{"line":103,"column":0},"end":{"line":103,"column":18}},"103":{"start":{"line":104,"column":0},"end":{"line":104,"column":11}},"104":{"start":{"line":105,"column":0},"end":{"line":105,"column":9}},"105":{"start":{"line":106,"column":0},"end":{"line":106,"column":6}},"106":{"start":{"line":107,"column":0},"end":{"line":107,"column":54}},"107":{"start":{"line":108,"column":0},"end":{"line":108,"column":4}},"109":{"start":{"line":110,"column":0},"end":{"line":110,"column":30}},"110":{"start":{"line":111,"column":0},"end":{"line":111,"column":30}},"111":{"start":{"line":112,"column":0},"end":{"line":112,"column":23}},"112":{"start":{"line":113,"column":0},"end":{"line":113,"column":58}},"113":{"start":{"line":114,"column":0},"end":{"line":114,"column":25}},"114":{"start":{"line":115,"column":0},"end":{"line":115,"column":45}},"115":{"start":{"line":116,"column":0},"end":{"line":116,"column":29}},"116":{"start":{"line":117,"column":0},"end":{"line":117,"column":27}},"117":{"start":{"line":118,"column":0},"end":{"line":118,"column":9}},"119":{"start":{"line":120,"column":0},"end":{"line":120,"column":31}},"120":{"start":{"line":121,"column":0},"end":{"line":121,"column":59}},"121":{"start":{"line":122,"column":0},"end":{"line":122,"column":70}},"122":{"start":{"line":123,"column":0},"end":{"line":123,"column":78}},"123":{"start":{"line":124,"column":0},"end":{"line":124,"column":45}},"125":{"start":{"line":126,"column":0},"end":{"line":126,"column":28}},"126":{"start":{"line":127,"column":0},"end":{"line":127,"column":33}},"127":{"start":{"line":128,"column":0},"end":{"line":128,"column":34}},"128":{"start":{"line":129,"column":0},"end":{"line":129,"column":13}},"129":{"start":{"line":130,"column":0},"end":{"line":130,"column":22}},"130":{"start":{"line":131,"column":0},"end":{"line":131,"column":18}},"131":{"start":{"line":132,"column":0},"end":{"line":132,"column":11}},"132":{"start":{"line":133,"column":0},"end":{"line":133,"column":9}},"133":{"start":{"line":134,"column":0},"end":{"line":134,"column":6}},"134":{"start":{"line":135,"column":0},"end":{"line":135,"column":54}},"135":{"start":{"line":136,"column":0},"end":{"line":136,"column":4}},"137":{"start":{"line":138,"column":0},"end":{"line":138,"column":55}},"138":{"start":{"line":139,"column":0},"end":{"line":139,"column":43}},"139":{"start":{"line":140,"column":0},"end":{"line":140,"column":27}},"140":{"start":{"line":141,"column":0},"end":{"line":141,"column":25}},"141":{"start":{"line":142,"column":0},"end":{"line":142,"column":7}},"143":{"start":{"line":144,"column":0},"end":{"line":144,"column":29}},"144":{"start":{"line":145,"column":0},"end":{"line":145,"column":22}},"146":{"start":{"line":147,"column":0},"end":{"line":147,"column":26}},"147":{"start":{"line":148,"column":0},"end":{"line":148,"column":31}},"148":{"start":{"line":149,"column":0},"end":{"line":149,"column":32}},"149":{"start":{"line":150,"column":0},"end":{"line":150,"column":11}},"150":{"start":{"line":151,"column":0},"end":{"line":151,"column":20}},"151":{"start":{"line":152,"column":0},"end":{"line":152,"column":16}},"152":{"start":{"line":153,"column":0},"end":{"line":153,"column":9}},"153":{"start":{"line":154,"column":0},"end":{"line":154,"column":7}},"154":{"start":{"line":155,"column":0},"end":{"line":155,"column":41}},"156":{"start":{"line":157,"column":0},"end":{"line":157,"column":10}},"157":{"start":{"line":158,"column":0},"end":{"line":158,"column":9}},"158":{"start":{"line":159,"column":0},"end":{"line":159,"column":12}},"159":{"start":{"line":160,"column":0},"end":{"line":160,"column":9}},"160":{"start":{"line":161,"column":0},"end":{"line":161,"column":14}},"161":{"start":{"line":162,"column":0},"end":{"line":162,"column":4}},"162":{"start":{"line":163,"column":0},"end":{"line":163,"column":1}}},"s":{"0":1,"46":1,"47":28,"48":28,"49":28,"50":28,"51":28,"52":16,"53":16,"55":12,"57":28,"58":3,"59":3,"61":9,"63":28,"64":7,"65":9,"66":7,"67":7,"69":9,"70":9,"72":1,"73":23,"74":23,"75":23,"76":23,"77":23,"79":23,"81":23,"82":23,"83":14,"84":14,"85":14,"86":14,"87":14,"88":13,"89":13,"91":14,"92":14,"93":14,"94":14,"95":14,"97":14,"98":14,"99":13,"100":13,"101":14,"102":14,"103":14,"104":14,"105":14,"106":23,"107":23,"109":23,"110":23,"111":5,"112":5,"113":5,"114":5,"115":5,"116":5,"117":5,"119":5,"120":5,"121":5,"122":5,"123":5,"125":5,"126":5,"127":5,"128":5,"129":5,"130":5,"131":5,"132":5,"133":5,"134":23,"135":23,"137":23,"138":2,"139":2,"140":2,"141":2,"143":2,"144":2,"146":2,"147":2,"148":2,"149":2,"150":2,"151":2,"152":2,"153":2,"154":23,"156":23,"157":23,"158":23,"159":23,"160":23,"161":23,"162":23},"branchMap":{"0":{"type":"branch","line":47,"loc":{"start":{"line":47,"column":7},"end":{"line":71,"column":1}},"locations":[{"start":{"line":47,"column":7},"end":{"line":71,"column":1}}]},"1":{"type":"branch","line":52,"loc":{"start":{"line":52,"column":7},"end":{"line":52,"column":45}},"locations":[{"start":{"line":52,"column":7},"end":{"line":52,"column":45}}]},"2":{"type":"branch","line":52,"loc":{"start":{"line":52,"column":33},"end":{"line":52,"column":64}},"locations":[{"start":{"line":52,"column":33},"end":{"line":52,"column":64}}]},"3":{"type":"branch","line":52,"loc":{"start":{"line":52,"column":64},"end":{"line":54,"column":3}},"locations":[{"start":{"line":52,"column":64},"end":{"line":54,"column":3}}]},"4":{"type":"branch","line":54,"loc":{"start":{"line":54,"column":2},"end":{"line":58,"column":33}},"locations":[{"start":{"line":54,"column":2},"end":{"line":58,"column":33}}]},"5":{"type":"branch","line":58,"loc":{"start":{"line":58,"column":33},"end":{"line":60,"column":3}},"locations":[{"start":{"line":58,"column":33},"end":{"line":60,"column":3}}]},"6":{"type":"branch","line":60,"loc":{"start":{"line":60,"column":2},"end":{"line":64,"column":48}},"locations":[{"start":{"line":60,"column":2},"end":{"line":64,"column":48}}]},"7":{"type":"branch","line":64,"loc":{"start":{"line":64,"column":48},"end":{"line":68,"column":3}},"locations":[{"start":{"line":64,"column":48},"end":{"line":68,"column":3}}]},"8":{"type":"branch","line":68,"loc":{"start":{"line":68,"column":2},"end":{"line":71,"column":1}},"locations":[{"start":{"line":68,"column":2},"end":{"line":71,"column":1}}]},"9":{"type":"branch","line":65,"loc":{"start":{"line":65,"column":35},"end":{"line":67,"column":5}},"locations":[{"start":{"line":65,"column":35},"end":{"line":67,"column":5}}]},"10":{"type":"branch","line":73,"loc":{"start":{"line":73,"column":7},"end":{"line":163,"column":1}},"locations":[{"start":{"line":73,"column":7},"end":{"line":163,"column":1}}]},"11":{"type":"branch","line":80,"loc":{"start":{"line":80,"column":25},"end":{"line":80,"column":51}},"locations":[{"start":{"line":80,"column":25},"end":{"line":80,"column":51}}]},"12":{"type":"branch","line":80,"loc":{"start":{"line":80,"column":33},"end":{"line":80,"column":56}},"locations":[{"start":{"line":80,"column":33},"end":{"line":80,"column":56}}]},"13":{"type":"branch","line":107,"loc":{"start":{"line":107,"column":39},"end":{"line":107,"column":53}},"locations":[{"start":{"line":107,"column":39},"end":{"line":107,"column":53}}]},"14":{"type":"branch","line":135,"loc":{"start":{"line":135,"column":39},"end":{"line":135,"column":53}},"locations":[{"start":{"line":135,"column":39},"end":{"line":135,"column":53}}]},"15":{"type":"branch","line":83,"loc":{"start":{"line":83,"column":4},"end":{"line":106,"column":6}},"locations":[{"start":{"line":83,"column":4},"end":{"line":106,"column":6}}]},"16":{"type":"branch","line":87,"loc":{"start":{"line":87,"column":31},"end":{"line":105,"column":7}},"locations":[{"start":{"line":87,"column":31},"end":{"line":105,"column":7}}]},"17":{"type":"branch","line":88,"loc":{"start":{"line":88,"column":28},"end":{"line":90,"column":9}},"locations":[{"start":{"line":88,"column":28},"end":{"line":90,"column":9}}]},"18":{"type":"branch","line":92,"loc":{"start":{"line":92,"column":24},"end":{"line":104,"column":9}},"locations":[{"start":{"line":92,"column":24},"end":{"line":104,"column":9}}]},"19":{"type":"branch","line":93,"loc":{"start":{"line":93,"column":45},"end":{"line":93,"column":59}},"locations":[{"start":{"line":93,"column":45},"end":{"line":93,"column":59}}]},"20":{"type":"branch","line":94,"loc":{"start":{"line":94,"column":35},"end":{"line":94,"column":51}},"locations":[{"start":{"line":94,"column":35},"end":{"line":94,"column":51}}]},"21":{"type":"branch","line":95,"loc":{"start":{"line":95,"column":43},"end":{"line":95,"column":68}},"locations":[{"start":{"line":95,"column":43},"end":{"line":95,"column":68}}]},"22":{"type":"branch","line":95,"loc":{"start":{"line":95,"column":64},"end":{"line":95,"column":78}},"locations":[{"start":{"line":95,"column":64},"end":{"line":95,"column":78}}]},"23":{"type":"branch","line":98,"loc":{"start":{"line":98,"column":21},"end":{"line":103,"column":13}},"locations":[{"start":{"line":98,"column":21},"end":{"line":103,"column":13}}]},"24":{"type":"branch","line":99,"loc":{"start":{"line":99,"column":32},"end":{"line":101,"column":13}},"locations":[{"start":{"line":99,"column":32},"end":{"line":101,"column":13}}]},"25":{"type":"branch","line":111,"loc":{"start":{"line":111,"column":4},"end":{"line":134,"column":6}},"locations":[{"start":{"line":111,"column":4},"end":{"line":134,"column":6}}]},"26":{"type":"branch","line":115,"loc":{"start":{"line":115,"column":31},"end":{"line":133,"column":7}},"locations":[{"start":{"line":115,"column":31},"end":{"line":133,"column":7}}]},"27":{"type":"branch","line":120,"loc":{"start":{"line":120,"column":24},"end":{"line":132,"column":9}},"locations":[{"start":{"line":120,"column":24},"end":{"line":132,"column":9}}]},"28":{"type":"branch","line":121,"loc":{"start":{"line":121,"column":45},"end":{"line":121,"column":59}},"locations":[{"start":{"line":121,"column":45},"end":{"line":121,"column":59}}]},"29":{"type":"branch","line":122,"loc":{"start":{"line":122,"column":35},"end":{"line":122,"column":51}},"locations":[{"start":{"line":122,"column":35},"end":{"line":122,"column":51}}]},"30":{"type":"branch","line":123,"loc":{"start":{"line":123,"column":43},"end":{"line":123,"column":68}},"locations":[{"start":{"line":123,"column":43},"end":{"line":123,"column":68}}]},"31":{"type":"branch","line":123,"loc":{"start":{"line":123,"column":64},"end":{"line":123,"column":78}},"locations":[{"start":{"line":123,"column":64},"end":{"line":123,"column":78}}]},"32":{"type":"branch","line":126,"loc":{"start":{"line":126,"column":21},"end":{"line":131,"column":13}},"locations":[{"start":{"line":126,"column":21},"end":{"line":131,"column":13}}]},"33":{"type":"branch","line":138,"loc":{"start":{"line":138,"column":27},"end":{"line":155,"column":5}},"locations":[{"start":{"line":138,"column":27},"end":{"line":155,"column":5}}]},"34":{"type":"branch","line":139,"loc":{"start":{"line":139,"column":29},"end":{"line":154,"column":5}},"locations":[{"start":{"line":139,"column":29},"end":{"line":154,"column":5}}]},"35":{"type":"branch","line":144,"loc":{"start":{"line":144,"column":22},"end":{"line":153,"column":7}},"locations":[{"start":{"line":144,"column":22},"end":{"line":153,"column":7}}]},"36":{"type":"branch","line":147,"loc":{"start":{"line":147,"column":19},"end":{"line":152,"column":11}},"locations":[{"start":{"line":147,"column":19},"end":{"line":152,"column":11}}]}},"b":{"0":[28],"1":[15],"2":[14],"3":[16],"4":[12],"5":[3],"6":[9],"7":[7],"8":[9],"9":[9],"10":[23],"11":[10],"12":[21],"13":[10],"14":[10],"15":[14],"16":[14],"17":[13],"18":[14],"19":[8],"20":[8],"21":[3],"22":[11],"23":[14],"24":[13],"25":[5],"26":[5],"27":[5],"28":[3],"29":[2],"30":[2],"31":[3],"32":[5],"33":[2],"34":[2],"35":[2],"36":[2]},"fnMap":{"0":{"name":"resolveRoute","decl":{"start":{"line":47,"column":7},"end":{"line":71,"column":1}},"loc":{"start":{"line":47,"column":7},"end":{"line":71,"column":1}},"line":47},"1":{"name":"useNavigation","decl":{"start":{"line":73,"column":7},"end":{"line":163,"column":1}},"loc":{"start":{"line":73,"column":7},"end":{"line":163,"column":1}},"line":73}},"f":{"0":28,"1":23}}
,"/Users/mohamedramadan/Repos/vooteam/next-navigation/packages/next-navigation/src/lib/progress-provider.tsx": {"path":"/Users/mohamedramadan/Repos/vooteam/next-navigation/packages/next-navigation/src/lib/progress-provider.tsx","all":false,"statementMap":{"0":{"start":{"line":1,"column":0},"end":{"line":1,"column":13}},"28":{"start":{"line":29,"column":0},"end":{"line":29,"column":23}},"29":{"start":{"line":30,"column":0},"end":{"line":30,"column":19}},"30":{"start":{"line":31,"column":0},"end":{"line":31,"column":12}},"31":{"start":{"line":32,"column":0},"end":{"line":32,"column":20}},"32":{"start":{"line":33,"column":0},"end":{"line":33,"column":17}},"33":{"start":{"line":34,"column":0},"end":{"line":34,"column":13}},"34":{"start":{"line":35,"column":0},"end":{"line":35,"column":15}},"35":{"start":{"line":36,"column":0},"end":{"line":36,"column":2}},"37":{"start":{"line":38,"column":0},"end":{"line":38,"column":72}},"39":{"start":{"line":40,"column":0},"end":{"line":40,"column":29}},"42":{"start":{"line":43,"column":0},"end":{"line":43,"column":33}},"43":{"start":{"line":44,"column":0},"end":{"line":44,"column":46}},"45":{"start":{"line":46,"column":0},"end":{"line":46,"column":19}},"46":{"start":{"line":47,"column":0},"end":{"line":47,"column":20}},"47":{"start":{"line":48,"column":0},"end":{"line":48,"column":21}},"48":{"start":{"line":49,"column":0},"end":{"line":49,"column":58}},"49":{"start":{"line":50,"column":0},"end":{"line":50,"column":60}},"50":{"start":{"line":51,"column":0},"end":{"line":51,"column":60}},"52":{"start":{"line":53,"column":0},"end":{"line":53,"column":20}},"53":{"start":{"line":54,"column":0},"end":{"line":54,"column":28}},"54":{"start":{"line":55,"column":0},"end":{"line":55,"column":29}},"55":{"start":{"line":56,"column":0},"end":{"line":56,"column":29}},"56":{"start":{"line":57,"column":0},"end":{"line":57,"column":8}},"57":{"start":{"line":58,"column":0},"end":{"line":58,"column":12}},"58":{"start":{"line":59,"column":0},"end":{"line":59,"column":23}},"59":{"start":{"line":60,"column":0},"end":{"line":60,"column":58}},"60":{"start":{"line":61,"column":0},"end":{"line":61,"column":39}},"61":{"start":{"line":62,"column":0},"end":{"line":62,"column":5}},"62":{"start":{"line":63,"column":0},"end":{"line":63,"column":18}},"64":{"start":{"line":65,"column":0},"end":{"line":65,"column":48}},"66":{"start":{"line":67,"column":0},"end":{"line":67,"column":10}},"67":{"start":{"line":68,"column":0},"end":{"line":68,"column":6}},"68":{"start":{"line":69,"column":0},"end":{"line":69,"column":10}},"69":{"start":{"line":70,"column":0},"end":{"line":70,"column":16}},"70":{"start":{"line":71,"column":0},"end":{"line":71,"column":28}},"71":{"start":{"line":72,"column":0},"end":{"line":72,"column":17}},"72":{"start":{"line":73,"column":0},"end":{"line":73,"column":18}},"73":{"start":{"line":74,"column":0},"end":{"line":74,"column":19}},"74":{"start":{"line":75,"column":0},"end":{"line":75,"column":39}},"75":{"start":{"line":76,"column":0},"end":{"line":76,"column":53}},"76":{"start":{"line":77,"column":0},"end":{"line":77,"column":23}},"77":{"start":{"line":78,"column":0},"end":{"line":78,"column":42}},"78":{"start":{"line":79,"column":0},"end":{"line":79,"column":85}},"79":{"start":{"line":80,"column":0},"end":{"line":80,"column":10}},"81":{"start":{"line":82,"column":0},"end":{"line":82,"column":12}},"82":{"start":{"line":83,"column":0},"end":{"line":83,"column":18}},"83":{"start":{"line":84,"column":0},"end":{"line":84,"column":27}},"84":{"start":{"line":85,"column":0},"end":{"line":85,"column":42}},"85":{"start":{"line":86,"column":0},"end":{"line":86,"column":34}},"86":{"start":{"line":87,"column":0},"end":{"line":87,"column":67}},"87":{"start":{"line":88,"column":0},"end":{"line":88,"column":36}},"88":{"start":{"line":89,"column":0},"end":{"line":89,"column":68}},"89":{"start":{"line":90,"column":0},"end":{"line":90,"column":23}},"90":{"start":{"line":91,"column":0},"end":{"line":91,"column":12}},"91":{"start":{"line":92,"column":0},"end":{"line":92,"column":10}},"92":{"start":{"line":93,"column":0},"end":{"line":93,"column":12}},"93":{"start":{"line":94,"column":0},"end":{"line":94,"column":43}},"94":{"start":{"line":95,"column":0},"end":{"line":95,"column":12}},"95":{"start":{"line":96,"column":0},"end":{"line":96,"column":18}},"96":{"start":{"line":97,"column":0},"end":{"line":97,"column":30}},"97":{"start":{"line":98,"column":0},"end":{"line":98,"column":24}},"98":{"start":{"line":99,"column":0},"end":{"line":99,"column":26}},"99":{"start":{"line":100,"column":0},"end":{"line":100,"column":25}},"100":{"start":{"line":101,"column":0},"end":{"line":101,"column":12}},"102":{"start":{"line":103,"column":0},"end":{"line":103,"column":14}},"103":{"start":{"line":104,"column":0},"end":{"line":104,"column":20}},"104":{"start":{"line":105,"column":0},"end":{"line":105,"column":28}},"105":{"start":{"line":106,"column":0},"end":{"line":106,"column":29}},"106":{"start":{"line":107,"column":0},"end":{"line":107,"column":50}},"107":{"start":{"line":108,"column":0},"end":{"line":108,"column":49}},"108":{"start":{"line":109,"column":0},"end":{"line":109,"column":34}},"109":{"start":{"line":110,"column":0},"end":{"line":110,"column":60}},"110":{"start":{"line":111,"column":0},"end":{"line":111,"column":14}},"111":{"start":{"line":112,"column":0},"end":{"line":112,"column":12}},"112":{"start":{"line":113,"column":0},"end":{"line":113,"column":14}},"114":{"start":{"line":115,"column":0},"end":{"line":115,"column":12}},"115":{"start":{"line":116,"column":0},"end":{"line":116,"column":34}},"116":{"start":{"line":117,"column":0},"end":{"line":117,"column":19}},"122":{"start":{"line":123,"column":0},"end":{"line":123,"column":10}},"123":{"start":{"line":124,"column":0},"end":{"line":124,"column":8}},"124":{"start":{"line":125,"column":0},"end":{"line":125,"column":7}},"126":{"start":{"line":127,"column":0},"end":{"line":127,"column":2}},"128":{"start":{"line":129,"column":0},"end":{"line":129,"column":34}},"129":{"start":{"line":130,"column":0},"end":{"line":130,"column":11}},"130":{"start":{"line":131,"column":0},"end":{"line":131,"column":14}},"131":{"start":{"line":132,"column":0},"end":{"line":132,"column":27}},"132":{"start":{"line":133,"column":0},"end":{"line":133,"column":52}},"133":{"start":{"line":134,"column":0},"end":{"line":134,"column":54}},"135":{"start":{"line":136,"column":0},"end":{"line":136,"column":35}},"136":{"start":{"line":137,"column":0},"end":{"line":137,"column":23}},"137":{"start":{"line":138,"column":0},"end":{"line":138,"column":9}},"139":{"start":{"line":140,"column":0},"end":{"line":140,"column":38}},"140":{"start":{"line":141,"column":0},"end":{"line":141,"column":24}},"141":{"start":{"line":142,"column":0},"end":{"line":142,"column":9}},"143":{"start":{"line":144,"column":0},"end":{"line":144,"column":45}},"144":{"start":{"line":145,"column":0},"end":{"line":145,"column":10}},"145":{"start":{"line":146,"column":0},"end":{"line":146,"column":13}},"146":{"start":{"line":147,"column":0},"end":{"line":147,"column":14}},"147":{"start":{"line":148,"column":0},"end":{"line":148,"column":4}},"149":{"start":{"line":150,"column":0},"end":{"line":150,"column":10}},"150":{"start":{"line":151,"column":0},"end":{"line":151,"column":51}},"151":{"start":{"line":152,"column":0},"end":{"line":152,"column":64}},"152":{"start":{"line":153,"column":0},"end":{"line":153,"column":16}},"153":{"start":{"line":154,"column":0},"end":{"line":154,"column":31}},"155":{"start":{"line":156,"column":0},"end":{"line":156,"column":1}},"157":{"start":{"line":158,"column":0},"end":{"line":158,"column":52}},"158":{"start":{"line":159,"column":0},"end":{"line":159,"column":46}},"159":{"start":{"line":160,"column":0},"end":{"line":160,"column":17}},"160":{"start":{"line":161,"column":0},"end":{"line":161,"column":12}},"161":{"start":{"line":162,"column":0},"end":{"line":162,"column":26}},"162":{"start":{"line":163,"column":0},"end":{"line":163,"column":29}},"163":{"start":{"line":164,"column":0},"end":{"line":164,"column":23}},"164":{"start":{"line":165,"column":0},"end":{"line":165,"column":6}},"165":{"start":{"line":166,"column":0},"end":{"line":166,"column":3}},"166":{"start":{"line":167,"column":0},"end":{"line":167,"column":17}},"167":{"start":{"line":168,"column":0},"end":{"line":168,"column":1}}},"s":{"0":1,"28":1,"29":1,"30":1,"31":1,"32":1,"33":1,"34":1,"35":1,"37":1,"39":1,"42":1,"43":83,"45":83,"46":38,"47":16,"48":16,"49":16,"50":16,"52":16,"53":16,"54":16,"55":16,"56":16,"57":38,"58":22,"59":22,"60":22,"61":22,"62":83,"64":83,"66":61,"67":61,"68":61,"69":61,"70":61,"71":61,"72":61,"73":61,"74":61,"75":61,"76":61,"77":61,"78":61,"79":61,"81":61,"82":61,"83":61,"84":61,"85":61,"86":61,"87":61,"88":55,"89":6,"90":83,"91":83,"92":83,"93":83,"94":33,"95":33,"96":33,"97":33,"98":33,"99":33,"100":33,"102":33,"103":33,"104":33,"105":33,"106":33,"107":33,"108":33,"109":33,"110":33,"111":33,"112":33,"114":83,"115":83,"116":83,"122":83,"123":83,"124":83,"126":83,"128":1,"129":39,"130":39,"131":39,"132":39,"133":39,"135":39,"136":19,"137":39,"139":39,"140":6,"141":39,"143":39,"144":39,"145":39,"146":39,"147":39,"149":39,"150":39,"151":39,"152":39,"153":39,"155":39,"157":1,"158":38,"159":38,"160":1,"161":1,"162":1,"163":1,"164":1,"165":1,"166":37,"167":37},"branchMap":{"0":{"type":"branch","line":43,"loc":{"start":{"line":43,"column":5},"end":{"line":127,"column":2}},"locations":[{"start":{"line":43,"column":5},"end":{"line":127,"column":2}}]},"1":{"type":"branch","line":65,"loc":{"start":{"line":65,"column":7},"end":{"line":65,"column":36}},"locations":[{"start":{"line":65,"column":7},"end":{"line":65,"column":36}}]},"2":{"type":"branch","line":65,"loc":{"start":{"line":65,"column":36},"end":{"line":65,"column":48}},"locations":[{"start":{"line":65,"column":36},"end":{"line":65,"column":48}}]},"3":{"type":"branch","line":65,"loc":{"start":{"line":65,"column":43},"end":{"line":88,"column":36}},"locations":[{"start":{"line":65,"column":43},"end":{"line":88,"column":36}}]},"4":{"type":"branch","line":88,"loc":{"start":{"line":88,"column":30},"end":{"line":89,"column":68}},"locations":[{"start":{"line":88,"column":30},"end":{"line":89,"column":68}}]},"5":{"type":"branch","line":89,"loc":{"start":{"line":89,"column":66},"end":{"line":90,"column":23}},"locations":[{"start":{"line":89,"column":66},"end":{"line":90,"column":23}}]},"6":{"type":"branch","line":94,"loc":{"start":{"line":94,"column":14},"end":{"line":94,"column":43}},"locations":[{"start":{"line":94,"column":14},"end":{"line":94,"column":43}}]},"7":{"type":"branch","line":94,"loc":{"start":{"line":94,"column":29},"end":{"line":113,"column":14}},"locations":[{"start":{"line":94,"column":29},"end":{"line":113,"column":14}}]},"8":{"type":"branch","line":46,"loc":{"start":{"line":46,"column":12},"end":{"line":63,"column":5}},"locations":[{"start":{"line":46,"column":12},"end":{"line":63,"column":5}}]},"9":{"type":"branch","line":47,"loc":{"start":{"line":47,"column":19},"end":{"line":58,"column":11}},"locations":[{"start":{"line":47,"column":19},"end":{"line":58,"column":11}}]},"10":{"type":"branch","line":58,"loc":{"start":{"line":58,"column":4},"end":{"line":62,"column":5}},"locations":[{"start":{"line":58,"column":4},"end":{"line":62,"column":5}}]},"11":{"type":"branch","line":49,"loc":{"start":{"line":49,"column":31},"end":{"line":49,"column":54}},"locations":[{"start":{"line":49,"column":31},"end":{"line":49,"column":54}}]},"12":{"type":"branch","line":50,"loc":{"start":{"line":50,"column":32},"end":{"line":50,"column":55}},"locations":[{"start":{"line":50,"column":32},"end":{"line":50,"column":55}}]},"13":{"type":"branch","line":51,"loc":{"start":{"line":51,"column":32},"end":{"line":51,"column":55}},"locations":[{"start":{"line":51,"column":32},"end":{"line":51,"column":55}}]},"14":{"type":"branch","line":53,"loc":{"start":{"line":53,"column":13},"end":{"line":57,"column":8}},"locations":[{"start":{"line":53,"column":13},"end":{"line":57,"column":8}}]},"15":{"type":"branch","line":60,"loc":{"start":{"line":60,"column":31},"end":{"line":60,"column":53}},"locations":[{"start":{"line":60,"column":31},"end":{"line":60,"column":53}}]},"16":{"type":"branch","line":61,"loc":{"start":{"line":61,"column":13},"end":{"line":61,"column":39}},"locations":[{"start":{"line":61,"column":13},"end":{"line":61,"column":39}}]},"17":{"type":"branch","line":129,"loc":{"start":{"line":129,"column":7},"end":{"line":156,"column":1}},"locations":[{"start":{"line":129,"column":7},"end":{"line":156,"column":1}}]},"18":{"type":"branch","line":136,"loc":{"start":{"line":136,"column":28},"end":{"line":138,"column":5}},"locations":[{"start":{"line":136,"column":28},"end":{"line":138,"column":5}}]},"19":{"type":"branch","line":140,"loc":{"start":{"line":140,"column":31},"end":{"line":142,"column":5}},"locations":[{"start":{"line":140,"column":31},"end":{"line":142,"column":5}}]},"20":{"type":"branch","line":158,"loc":{"start":{"line":158,"column":7},"end":{"line":168,"column":1}},"locations":[{"start":{"line":158,"column":7},"end":{"line":168,"column":1}}]},"21":{"type":"branch","line":160,"loc":{"start":{"line":160,"column":16},"end":{"line":166,"column":3}},"locations":[{"start":{"line":160,"column":16},"end":{"line":166,"column":3}}]},"22":{"type":"branch","line":166,"loc":{"start":{"line":166,"column":2},"end":{"line":168,"column":1}},"locations":[{"start":{"line":166,"column":2},"end":{"line":168,"column":1}}]},"23":{"type":"branch","line":162,"loc":{"start":{"line":162,"column":13},"end":{"line":162,"column":26}},"locations":[{"start":{"line":162,"column":13},"end":{"line":162,"column":26}}]},"24":{"type":"branch","line":163,"loc":{"start":{"line":163,"column":16},"end":{"line":163,"column":29}},"locations":[{"start":{"line":163,"column":16},"end":{"line":163,"column":29}}]}},"b":{"0":[83],"1":[46],"2":[22],"3":[61],"4":[55],"5":[6],"6":[55],"7":[33],"8":[38],"9":[16],"10":[22],"11":[3],"12":[1],"13":[1],"14":[16],"15":[3],"16":[22],"17":[39],"18":[19],"19":[6],"20":[38],"21":[1],"22":[37],"23":[1],"24":[1]},"fnMap":{"0":{"name":"ProgressBar","decl":{"start":{"line":43,"column":5},"end":{"line":127,"column":2}},"loc":{"start":{"line":43,"column":5},"end":{"line":127,"column":2}},"line":43},"1":{"name":"ProgressProvider","decl":{"start":{"line":129,"column":7},"end":{"line":156,"column":1}},"loc":{"start":{"line":129,"column":7},"end":{"line":156,"column":1}},"line":129},"2":{"name":"useProgress","decl":{"start":{"line":158,"column":7},"end":{"line":168,"column":1}},"loc":{"start":{"line":158,"column":7},"end":{"line":168,"column":1}},"line":158},"3":{"name":"start","decl":{"start":{"line":162,"column":13},"end":{"line":162,"column":26}},"loc":{"start":{"line":162,"column":13},"end":{"line":162,"column":26}},"line":162},"4":{"name":"complete","decl":{"start":{"line":163,"column":16},"end":{"line":163,"column":29}},"loc":{"start":{"line":163,"column":16},"end":{"line":163,"column":29}},"line":163}},"f":{"0":83,"1":39,"2":38,"3":1,"4":1}}
}
